[17-Dec-2012 16:37:20] PHP Notice:  Undefined index: request_action in /data/htdocs/newext.chrome.360.cn/model/ExtStorage.php on line 16
[17-Dec-2012 18:02:46] PHP Notice:  Undefined index: request_action in /data/htdocs/newext.chrome.360.cn/model/ExtStorage.php on line 16
[17-Dec-2012 18:02:59] PHP Notice:  Undefined index: request_action in /data/htdocs/newext.chrome.360.cn/model/ExtStorage.php on line 16
[17-Dec-2012 18:06:58] PHP Notice:  Undefined index: request_action in /data/htdocs/newext.chrome.360.cn/model/ExtStorage.php on line 16
[17-Dec-2012 18:07:24] PHP Notice:  Undefined index: request_action in /data/htdocs/newext.chrome.360.cn/model/ExtStorage.php on line 16
[17-Dec-2012 18:07:24] PHP Notice:  Undefined index: request_action in /data/htdocs/newext.chrome.360.cn/model/ExtStorage.php on line 16
[17-Dec-2012 18:07:40] PHP Notice:  Undefined index: request_action in /data/htdocs/newext.chrome.360.cn/model/ExtStorage.php on line 16
[17-Dec-2012 18:09:49] PHP Notice:  Undefined index: request_action in /data/htdocs/newext.chrome.360.cn/model/ExtStorage.php on line 16
[17-Dec-2012 18:10:21] PHP Notice:  Undefined index: request_action in /data/htdocs/newext.chrome.360.cn/model/ExtStorage.php on line 16
[18-Dec-2012 10:33:30] Smarty Error: Syntax Error in template "/data/htdocs/newext.chrome.360.cn//view/template_dir/extensions/home.html"  on line 1036 "$('body,html').animate({scrollTop:0},300,'easeInOutCubic');"  - Unexpected ":", expected one of: "}" , " "
[18-Dec-2012 10:33:35] Smarty Error: Syntax Error in template "/data/htdocs/newext.chrome.360.cn//view/template_dir/extensions/home.html"  on line 1036 "$('body,html').animate({scrollTop:0},300,'easeInOutCubic');"  - Unexpected ":", expected one of: "}" , " "
[18-Dec-2012 10:33:38] Smarty Error: Syntax Error in template "/data/htdocs/newext.chrome.360.cn//view/template_dir/extensions/home.html"  on line 1036 "$('body,html').animate({scrollTop:0},300,'easeInOutCubic');"  - Unexpected ":", expected one of: "}" , " "
[18-Dec-2012 10:33:39] Smarty Error: Syntax Error in template "/data/htdocs/newext.chrome.360.cn//view/template_dir/extensions/home.html"  on line 1036 "$('body,html').animate({scrollTop:0},300,'easeInOutCubic');"  - Unexpected ":", expected one of: "}" , " "
[18-Dec-2012 10:33:46] Smarty Error: Syntax Error in template "/data/htdocs/newext.chrome.360.cn//view/template_dir/extensions/home.html"  on line 1036 "$('body,html').animate({scrollTop:0},300,'easeInOutCubic');"  - Unexpected ":", expected one of: "}" , " "
[18-Dec-2012 10:34:02] Smarty Error: Syntax Error in template "/data/htdocs/newext.chrome.360.cn//view/template_dir/extensions/home.html"  on line 1036 "$('body,html').animate({scrollTop:0},300,'easeInOutCubic');"  - Unexpected ":", expected one of: "}" , " "
[18-Dec-2012 10:34:04] Smarty Error: Syntax Error in template "/data/htdocs/newext.chrome.360.cn//view/template_dir/extensions/home.html"  on line 1036 "$('body,html').animate({scrollTop:0},300,'easeInOutCubic');"  - Unexpected ":", expected one of: "}" , " "
[18-Dec-2012 10:34:06] Smarty Error: Syntax Error in template "/data/htdocs/newext.chrome.360.cn//view/template_dir/extensions/home.html"  on line 1036 "$('body,html').animate({scrollTop:0},300,'easeInOutCubic');"  - Unexpected ":", expected one of: "}" , " "
[18-Dec-2012 10:34:11] Smarty Error: Syntax Error in template "/data/htdocs/newext.chrome.360.cn//view/template_dir/extensions/home.html"  on line 1036 "$('body,html').animate({scrollTop:0},300,'easeInOutCubic');"  - Unexpected ":", expected one of: "}" , " "
[18-Dec-2012 10:34:34] Smarty Error: Syntax Error in template "/data/htdocs/newext.chrome.360.cn//view/template_dir/extensions/home.html"  on line 1036 "$('body,html').animate({scrollTop:0},300,'easeInOutCubic');"  - Unexpected ":", expected one of: "}" , " "
[18-Dec-2012 10:34:35] Smarty Error: Syntax Error in template "/data/htdocs/newext.chrome.360.cn//view/template_dir/extensions/home.html"  on line 1036 "$('body,html').animate({scrollTop:0},300,'easeInOutCubic');"  - Unexpected ":", expected one of: "}" , " "
[18-Dec-2012 10:34:39] Smarty Error: Syntax Error in template "/data/htdocs/newext.chrome.360.cn//view/template_dir/extensions/home.html"  on line 1036 "$('body,html').animate({scrollTop:0},300,'easeInOutCubic');"  - Unexpected ":", expected one of: "}" , " "
[18-Dec-2012 10:34:46] Smarty Error: Syntax Error in template "/data/htdocs/newext.chrome.360.cn//view/template_dir/extensions/home.html"  on line 1036 "$('body,html').animate({scrollTop:0},300,'easeInOutCubic');"  - Unexpected ":", expected one of: "}" , " "
[18-Dec-2012 10:34:49] Smarty Error: Syntax Error in template "/data/htdocs/newext.chrome.360.cn//view/template_dir/extensions/home.html"  on line 1036 "$('body,html').animate({scrollTop:0},300,'easeInOutCubic');"  - Unexpected ":", expected one of: "}" , " "
[18-Dec-2012 10:36:50] Smarty Error: Syntax Error in template "/data/htdocs/newext.chrome.360.cn//view/template_dir/extensions/home.html"  on line 1036 "$('body,html').animate({scrollTop:0},300,'easeInOutCubic');"  - Unexpected ":", expected one of: "}" , " "
[18-Dec-2012 10:36:51] Smarty Error: Syntax Error in template "/data/htdocs/newext.chrome.360.cn//view/template_dir/extensions/home.html"  on line 1036 "$('body,html').animate({scrollTop:0},300,'easeInOutCubic');"  - Unexpected ":", expected one of: "}" , " "
[18-Dec-2012 10:36:52] Smarty Error: Syntax Error in template "/data/htdocs/newext.chrome.360.cn//view/template_dir/extensions/home.html"  on line 1036 "$('body,html').animate({scrollTop:0},300,'easeInOutCubic');"  - Unexpected ":", expected one of: "}" , " "
[18-Dec-2012 10:37:24] Smarty Error: Syntax Error in template "/data/htdocs/newext.chrome.360.cn//view/template_dir/extensions/home.html"  on line 1036 "$('body,html').animate({scrollTop:0},300,'easeInOutCubic');"  - Unexpected ":", expected one of: "}" , " "
[18-Dec-2012 10:37:35] Smarty Error: Syntax Error in template "/data/htdocs/newext.chrome.360.cn//view/template_dir/extensions/home.html"  on line 1036 "$('body,html').animate({scrollTop:0},300,'easeInOutCubic');"  - Unexpected ":", expected one of: "}" , " "
[18-Dec-2012 10:37:39] Smarty Error: Syntax Error in template "/data/htdocs/newext.chrome.360.cn//view/template_dir/extensions/home.html"  on line 1036 "$('body,html').animate({scrollTop:0},300,'easeInOutCubic');"  - Unexpected ":", expected one of: "}" , " "
[18-Dec-2012 10:38:27] Smarty Error: Syntax Error in template "/data/htdocs/newext.chrome.360.cn//view/template_dir/extensions/home.html"  on line 1036 "$('body,html').animate({scrollTop:0},300,'easeInOutCubic');"  - Unexpected ":", expected one of: "}" , " "
[18-Dec-2012 10:38:28] Smarty Error: Syntax Error in template "/data/htdocs/newext.chrome.360.cn//view/template_dir/extensions/home.html"  on line 1036 "$('body,html').animate({scrollTop:0},300,'easeInOutCubic');"  - Unexpected ":", expected one of: "}" , " "
[18-Dec-2012 10:38:30] Smarty Error: Syntax Error in template "/data/htdocs/newext.chrome.360.cn//view/template_dir/extensions/home.html"  on line 1036 "$('body,html').animate({scrollTop:0},300,'easeInOutCubic');"  - Unexpected ":", expected one of: "}" , " "
[18-Dec-2012 10:38:31] Smarty Error: Syntax Error in template "/data/htdocs/newext.chrome.360.cn//view/template_dir/extensions/home.html"  on line 1036 "$('body,html').animate({scrollTop:0},300,'easeInOutCubic');"  - Unexpected ":", expected one of: "}" , " "
[18-Dec-2012 10:38:34] Smarty Error: Syntax Error in template "/data/htdocs/newext.chrome.360.cn//view/template_dir/extensions/home.html"  on line 1036 "$('body,html').animate({scrollTop:0},300,'easeInOutCubic');"  - Unexpected ":", expected one of: "}" , " "
[18-Dec-2012 10:38:52] Smarty Error: Syntax Error in template "/data/htdocs/newext.chrome.360.cn//view/template_dir/extensions/home.html"  on line 1036 "$('body,html').animate({scrollTop:0},300,'easeInOutCubic');"  - Unexpected ":", expected one of: "}" , " "
[18-Dec-2012 10:39:13] Smarty Error: Syntax Error in template "/data/htdocs/newext.chrome.360.cn//view/template_dir/extensions/home.html"  on line 421 "$('body,html').animate({scrollTop:0},300,'easeInOutCubic');"  - Unexpected ":", expected one of: "}" , " "
[18-Dec-2012 10:39:14] Smarty Error: Syntax Error in template "/data/htdocs/newext.chrome.360.cn//view/template_dir/extensions/home.html"  on line 421 "$('body,html').animate({scrollTop:0},300,'easeInOutCubic');"  - Unexpected ":", expected one of: "}" , " "
[18-Dec-2012 10:39:19] Smarty Error: Syntax Error in template "/data/htdocs/newext.chrome.360.cn//view/template_dir/extensions/home.html"  on line 82 "$('body,html').animate({scrollTop:0},300,'easeInOutCubic');"  - Unexpected ":", expected one of: "}" , " "
[18-Dec-2012 10:39:20] Smarty Error: Syntax Error in template "/data/htdocs/newext.chrome.360.cn//view/template_dir/extensions/home.html"  on line 82 "$('body,html').animate({scrollTop:0},300,'easeInOutCubic');"  - Unexpected ":", expected one of: "}" , " "
[18-Dec-2012 10:39:22] Smarty Error: Syntax Error in template "/data/htdocs/newext.chrome.360.cn//view/template_dir/extensions/home.html"  on line 82 "$('body,html').animate({scrollTop:0},300,'easeInOutCubic');"  - Unexpected ":", expected one of: "}" , " "
[18-Dec-2012 10:39:54] Smarty Error: Syntax Error in template "/data/htdocs/newext.chrome.360.cn//view/template_dir/extensions/home.html"  on line 1036 "$('body,html').animate({scrollTop:0},300,'easeInOutCubic');"  - Unexpected ":", expected one of: "}" , " "
[18-Dec-2012 10:41:02] Smarty Error: Syntax Error in template "/data/htdocs/newext.chrome.360.cn//view/template_dir/extensions/home.html"  on line 1036 "$('body,html').animate({scrollTop:0},300,'easeInOutCubic');"  - Unexpected ":", expected one of: "}" , " "
[18-Dec-2012 10:42:55] Smarty Error: Syntax Error in template "/data/htdocs/newext.chrome.360.cn//view/template_dir/extensions/home.html"  on line 1036 "$('body,html').animate({scrollTop:0},300,'easeInOutCubic');"  - Unexpected ":", expected one of: "}" , " "
[18-Dec-2012 10:42:57] Smarty Error: Syntax Error in template "/data/htdocs/newext.chrome.360.cn//view/template_dir/extensions/home.html"  on line 1036 "$('body,html').animate({scrollTop:0},300,'easeInOutCubic');"  - Unexpected ":", expected one of: "}" , " "
[18-Dec-2012 10:42:58] Smarty Error: Syntax Error in template "/data/htdocs/newext.chrome.360.cn//view/template_dir/extensions/home.html"  on line 1036 "$('body,html').animate({scrollTop:0},300,'easeInOutCubic');"  - Unexpected ":", expected one of: "}" , " "
[18-Dec-2012 10:42:59] Smarty Error: Syntax Error in template "/data/htdocs/newext.chrome.360.cn//view/template_dir/extensions/home.html"  on line 1036 "$('body,html').animate({scrollTop:0},300,'easeInOutCubic');"  - Unexpected ":", expected one of: "}" , " "
[18-Dec-2012 10:43:02] Smarty Error: Syntax Error in template "/data/htdocs/newext.chrome.360.cn//view/template_dir/extensions/home.html"  on line 1036 "$('body,html').animate({scrollTop:0},300,'easeInOutCubic');"  - Unexpected ":", expected one of: "}" , " "
[18-Dec-2012 10:43:03] Smarty Error: Syntax Error in template "/data/htdocs/newext.chrome.360.cn//view/template_dir/extensions/home.html"  on line 1036 "$('body,html').animate({scrollTop:0},300,'easeInOutCubic');"  - Unexpected ":", expected one of: "}" , " "
[18-Dec-2012 10:43:28] Smarty Error: Syntax Error in template "/data/htdocs/newext.chrome.360.cn//view/template_dir/extensions/home.html"  on line 1036 "$('body,html').animate({scrollTop:0},300,'easeInOutCubic');"  - Unexpected ":", expected one of: "}" , " "
[18-Dec-2012 10:44:40] Smarty Error: Syntax Error in template "/data/htdocs/newext.chrome.360.cn//view/template_dir/extensions/home.html"  on line 1036 "$('body,html').animate({scrollTop:0},300,'easeInOutCubic');"  - Unexpected ":", expected one of: "}" , " "
[18-Dec-2012 10:44:41] Smarty Error: Syntax Error in template "/data/htdocs/newext.chrome.360.cn//view/template_dir/extensions/home.html"  on line 1036 "$('body,html').animate({scrollTop:0},300,'easeInOutCubic');"  - Unexpected ":", expected one of: "}" , " "
[18-Dec-2012 10:44:42] Smarty Error: Syntax Error in template "/data/htdocs/newext.chrome.360.cn//view/template_dir/extensions/home.html"  on line 1036 "$('body,html').animate({scrollTop:0},300,'easeInOutCubic');"  - Unexpected ":", expected one of: "}" , " "
[18-Dec-2012 10:44:43] Smarty Error: Syntax Error in template "/data/htdocs/newext.chrome.360.cn//view/template_dir/extensions/home.html"  on line 1036 "$('body,html').animate({scrollTop:0},300,'easeInOutCubic');"  - Unexpected ":", expected one of: "}" , " "
[18-Dec-2012 10:44:43] Smarty Error: Syntax Error in template "/data/htdocs/newext.chrome.360.cn//view/template_dir/extensions/home.html"  on line 1036 "$('body,html').animate({scrollTop:0},300,'easeInOutCubic');"  - Unexpected ":", expected one of: "}" , " "
[18-Dec-2012 10:44:43] Smarty Error: Syntax Error in template "/data/htdocs/newext.chrome.360.cn//view/template_dir/extensions/home.html"  on line 1036 "$('body,html').animate({scrollTop:0},300,'easeInOutCubic');"  - Unexpected ":", expected one of: "}" , " "
[18-Dec-2012 10:44:58] Smarty Error: Syntax Error in template "/data/htdocs/newext.chrome.360.cn//view/template_dir/extensions/home.html"  on line 82 "$('body,html').animate({scrollTop:0},300,'easeInOutCubic');"  - Unexpected ":", expected one of: "}" , " "
[18-Dec-2012 10:44:59] Smarty Error: Syntax Error in template "/data/htdocs/newext.chrome.360.cn//view/template_dir/extensions/home.html"  on line 82 "$('body,html').animate({scrollTop:0},300,'easeInOutCubic');"  - Unexpected ":", expected one of: "}" , " "
[18-Dec-2012 10:45:00] Smarty Error: Syntax Error in template "/data/htdocs/newext.chrome.360.cn//view/template_dir/extensions/home.html"  on line 82 "$('body,html').animate({scrollTop:0},300,'easeInOutCubic');"  - Unexpected ":", expected one of: "}" , " "
[18-Dec-2012 10:45:00] Smarty Error: Syntax Error in template "/data/htdocs/newext.chrome.360.cn//view/template_dir/extensions/home.html"  on line 82 "$('body,html').animate({scrollTop:0},300,'easeInOutCubic');"  - Unexpected ":", expected one of: "}" , " "
[18-Dec-2012 10:45:01] Smarty Error: Syntax Error in template "/data/htdocs/newext.chrome.360.cn//view/template_dir/extensions/home.html"  on line 82 "$('body,html').animate({scrollTop:0},300,'easeInOutCubic');"  - Unexpected ":", expected one of: "}" , " "
[18-Dec-2012 10:45:01] Smarty Error: Syntax Error in template "/data/htdocs/newext.chrome.360.cn//view/template_dir/extensions/home.html"  on line 82 "$('body,html').animate({scrollTop:0},300,'easeInOutCubic');"  - Unexpected ":", expected one of: "}" , " "
[18-Dec-2012 10:45:46] Smarty Error: Syntax Error in template "/data/htdocs/newext.chrome.360.cn//view/template_dir/extensions/home.html"  on line 1036 "$('body,html').animate({scrollTop:0},300,'easeInOutCubic');"  - Unexpected ":", expected one of: "}" , " "
[18-Dec-2012 10:46:19] Smarty Error: Syntax Error in template "/data/htdocs/newext.chrome.360.cn//view/template_dir/extensions/home.html"  on line 1036 "$('body,html').animate({scrollTop:0},300,'easeInOutCubic');"  - Unexpected ":", expected one of: "}" , " "
[18-Dec-2012 10:46:24] Smarty Error: Syntax Error in template "/data/htdocs/newext.chrome.360.cn//view/template_dir/extensions/home.html"  on line 1036 "$('body,html').animate({scrollTop:0},300,'easeInOutCubic');"  - Unexpected ":", expected one of: "}" , " "
[18-Dec-2012 10:46:29] Smarty Error: Syntax Error in template "/data/htdocs/newext.chrome.360.cn//view/template_dir/extensions/home.html"  on line 1036 "$('body,html').animate({scrollTop:0},300,'easeInOutCubic');"  - Unexpected ":", expected one of: "}" , " "
[18-Dec-2012 10:46:36] Smarty Error: Syntax Error in template "/data/htdocs/newext.chrome.360.cn//view/template_dir/extensions/home.html"  on line 1036 "$('body,html').animate({scrollTop:0},300,'easeInOutCubic');"  - Unexpected ":", expected one of: "}" , " "
[18-Dec-2012 10:46:46] Smarty Error: Syntax Error in template "/data/htdocs/newext.chrome.360.cn//view/template_dir/extensions/home.html"  on line 1036 "$('body,html').animate({scrollTop:0},300,'easeInOutCubic');"  - Unexpected ":", expected one of: "}" , " "
[18-Dec-2012 10:46:57] Smarty Error: Syntax Error in template "/data/htdocs/newext.chrome.360.cn//view/template_dir/extensions/home.html"  on line 1036 "$('body,html').animate({scrollTop:0},300,'easeInOutCubic');"  - Unexpected ":", expected one of: "}" , " "
[18-Dec-2012 10:46:58] Smarty Error: Syntax Error in template "/data/htdocs/newext.chrome.360.cn//view/template_dir/extensions/home.html"  on line 1036 "$('body,html').animate({scrollTop:0},300,'easeInOutCubic');"  - Unexpected ":", expected one of: "}" , " "
[18-Dec-2012 10:47:43] Smarty Error: Syntax Error in template "/data/htdocs/newext.chrome.360.cn//view/template_dir/extensions/home.html"  on line 1036 "$('body,html').animate({scrollTop:0},300,'easeInOutCubic');"  - Unexpected ":", expected one of: "}" , " "
[18-Dec-2012 10:47:44] Smarty Error: Syntax Error in template "/data/htdocs/newext.chrome.360.cn//view/template_dir/extensions/home.html"  on line 1036 "$('body,html').animate({scrollTop:0},300,'easeInOutCubic');"  - Unexpected ":", expected one of: "}" , " "
[18-Dec-2012 10:48:04] Smarty Error: Syntax Error in template "/data/htdocs/newext.chrome.360.cn//view/template_dir/extensions/home.html"  on line 1036 "$('body,html').animate({scrollTop:0},300,'easeInOutCubic');"  - Unexpected ":", expected one of: "}" , " "
[18-Dec-2012 10:48:05] Smarty Error: Syntax Error in template "/data/htdocs/newext.chrome.360.cn//view/template_dir/extensions/home.html"  on line 1036 "$('body,html').animate({scrollTop:0},300,'easeInOutCubic');"  - Unexpected ":", expected one of: "}" , " "
[18-Dec-2012 10:48:06] Smarty Error: Syntax Error in template "/data/htdocs/newext.chrome.360.cn//view/template_dir/extensions/home.html"  on line 1036 "$('body,html').animate({scrollTop:0},300,'easeInOutCubic');"  - Unexpected ":", expected one of: "}" , " "
[18-Dec-2012 10:48:58] Smarty Error: Syntax Error in template "/data/htdocs/newext.chrome.360.cn//view/template_dir/extensions/home.html"  on line 1006 "&lt;script&gt;$(function(){alert(0)})&lt;/script&gt;" unknown function "alert"
[18-Dec-2012 10:48:59] Smarty Error: Syntax Error in template "/data/htdocs/newext.chrome.360.cn//view/template_dir/extensions/home.html"  on line 1006 "&lt;script&gt;$(function(){alert(0)})&lt;/script&gt;" unknown function "alert"
[18-Dec-2012 10:49:05] Smarty Error: Syntax Error in template "/data/htdocs/newext.chrome.360.cn//view/template_dir/extensions/home.html"  on line 1006 "&lt;script&gt;(function(){alert(0)})&lt;/script&gt;" unknown function "alert"
[18-Dec-2012 10:49:06] Smarty Error: Syntax Error in template "/data/htdocs/newext.chrome.360.cn//view/template_dir/extensions/home.html"  on line 1006 "&lt;script&gt;(function(){alert(0)})&lt;/script&gt;" unknown function "alert"
[18-Dec-2012 10:49:07] Smarty Error: Syntax Error in template "/data/htdocs/newext.chrome.360.cn//view/template_dir/extensions/home.html"  on line 1006 "&lt;script&gt;(function(){alert(0)})&lt;/script&gt;" unknown function "alert"
[18-Dec-2012 10:49:14] Smarty Error: Syntax Error in template "/data/htdocs/newext.chrome.360.cn//view/template_dir/extensions/home.html"  on line 1006 "&lt;script&gt;function(){alert(0)}&lt;/script&gt;" unknown function "alert"
[18-Dec-2012 10:49:15] Smarty Error: Syntax Error in template "/data/htdocs/newext.chrome.360.cn//view/template_dir/extensions/home.html"  on line 1006 "&lt;script&gt;function(){alert(0)}&lt;/script&gt;" unknown function "alert"
[18-Dec-2012 10:49:16] Smarty Error: Syntax Error in template "/data/htdocs/newext.chrome.360.cn//view/template_dir/extensions/home.html"  on line 1006 "&lt;script&gt;function(){alert(0)}&lt;/script&gt;" unknown function "alert"
[18-Dec-2012 10:49:17] Smarty Error: Syntax Error in template "/data/htdocs/newext.chrome.360.cn//view/template_dir/extensions/home.html"  on line 1006 "&lt;script&gt;function(){alert(0)}&lt;/script&gt;" unknown function "alert"
[18-Dec-2012 10:49:27] Smarty Error: Syntax Error in template "/data/htdocs/newext.chrome.360.cn//view/template_dir/extensions/home.html"  on line 1007 "function a(){alert(0)}" unknown function "alert"
[18-Dec-2012 10:49:28] Smarty Error: Syntax Error in template "/data/htdocs/newext.chrome.360.cn//view/template_dir/extensions/home.html"  on line 1007 "function a(){alert(0)}" unknown function "alert"
[18-Dec-2012 10:51:07] Smarty Error: Syntax Error in template "/data/htdocs/newext.chrome.360.cn//view/template_dir/extensions/home.html"  on line 1037 "$('body,html').animate({scrollTop:0},300,'easeInOutCubic');"  - Unexpected ":", expected one of: "}" , " "
[18-Dec-2012 10:51:08] Smarty Error: Syntax Error in template "/data/htdocs/newext.chrome.360.cn//view/template_dir/extensions/home.html"  on line 1037 "$('body,html').animate({scrollTop:0},300,'easeInOutCubic');"  - Unexpected ":", expected one of: "}" , " "
[18-Dec-2012 10:51:24] Smarty Error: Syntax Error in template "/data/htdocs/newext.chrome.360.cn//view/template_dir/extensions/home.html"  on line 1029 "$('body,html').animate({scrollTop:0},300,'easeInOutCubic');"  - Unexpected ":", expected one of: "}" , " "
[18-Dec-2012 10:51:31] Smarty Error: Syntax Error in template "/data/htdocs/newext.chrome.360.cn//view/template_dir/extensions/home.html"  on line 1031 "$('body,html').animate({scrollTop:0},300,'easeInOutCubic');"  - Unexpected ":", expected one of: "}" , " "
[18-Dec-2012 10:51:48] Smarty Error: Syntax Error in template "/data/htdocs/newext.chrome.360.cn//view/template_dir/extensions/home.html"  on line 1036 "$('body,html').animate({scrollTop:0},300,'easeInOutCubic');"  - Unexpected ":", expected one of: "}" , " "
[18-Dec-2012 10:52:00] Smarty Error: Syntax Error in template "/data/htdocs/newext.chrome.360.cn//view/template_dir/extensions/home.html"  on line 1048 "$('body,html').animate({scrollTop:0},300,'easeInOutCubic');"  - Unexpected ":", expected one of: "}" , " "
[18-Dec-2012 10:52:01] Smarty Error: Syntax Error in template "/data/htdocs/newext.chrome.360.cn//view/template_dir/extensions/home.html"  on line 1048 "$('body,html').animate({scrollTop:0},300,'easeInOutCubic');"  - Unexpected ":", expected one of: "}" , " "
[18-Dec-2012 10:52:26] Smarty Error: Syntax Error in template "/data/htdocs/newext.chrome.360.cn//view/template_dir/extensions/home.html"  on line 1039 "$('body,html').animate({scrollTop:0},300,'easeInOutCubic');"  - Unexpected ":", expected one of: "}" , " "
[18-Dec-2012 10:52:27] Smarty Error: Syntax Error in template "/data/htdocs/newext.chrome.360.cn//view/template_dir/extensions/home.html"  on line 1039 "$('body,html').animate({scrollTop:0},300,'easeInOutCubic');"  - Unexpected ":", expected one of: "}" , " "
[18-Dec-2012 10:52:30] Smarty Error: Syntax Error in template "/data/htdocs/newext.chrome.360.cn//view/template_dir/extensions/home.html"  on line 1039 "$('body,html').animate({scrollTop:0},300,'easeInOutCubic');"  - Unexpected ":", expected one of: "}" , " "
[18-Dec-2012 10:52:32] Smarty Error: Syntax Error in template "/data/htdocs/newext.chrome.360.cn//view/template_dir/extensions/home.html"  on line 1039 "$('body,html').animate({scrollTop:0},300,'easeInOutCubic');"  - Unexpected ":", expected one of: "}" , " "
[18-Dec-2012 14:00:22] Smarty Error: Syntax Error in template "/data/htdocs/newext.chrome.360.cn//view/template_dir/extensions/home.html"  on line 1006 "&lt;a class=&quot;ext-logo&quot;&gt;&lt;span class=&quot;&lt;%= ({&quot;install&quot;:&quot;install&quot;,&quot;installed&quot;:&quot;installed&quot;,&quot;update&quot;:&quot;update&quot;})[status] %&gt; &quot;&gt;&lt;/span&gt;"  - Unexpected ":", expected one of: "}" , " "
[18-Dec-2012 14:00:26] Smarty Error: Syntax Error in template "/data/htdocs/newext.chrome.360.cn//view/template_dir/extensions/home.html"  on line 1006 "&lt;a class=&quot;ext-logo&quot;&gt;&lt;span class=&quot;&lt;%= ({&quot;install&quot;:&quot;install&quot;,&quot;installed&quot;:&quot;installed&quot;,&quot;update&quot;:&quot;update&quot;})[status] %&gt; &quot;&gt;&lt;/span&gt;"  - Unexpected ":", expected one of: "}" , " "
[18-Dec-2012 14:00:28] Smarty Error: Syntax Error in template "/data/htdocs/newext.chrome.360.cn//view/template_dir/extensions/home.html"  on line 1006 "&lt;a class=&quot;ext-logo&quot;&gt;&lt;span class=&quot;&lt;%= ({&quot;install&quot;:&quot;install&quot;,&quot;installed&quot;:&quot;installed&quot;,&quot;update&quot;:&quot;update&quot;})[status] %&gt; &quot;&gt;&lt;/span&gt;"  - Unexpected ":", expected one of: "}" , " "
[18-Dec-2012 14:00:29] Smarty Error: Syntax Error in template "/data/htdocs/newext.chrome.360.cn//view/template_dir/extensions/home.html"  on line 1006 "&lt;a class=&quot;ext-logo&quot;&gt;&lt;span class=&quot;&lt;%= ({&quot;install&quot;:&quot;install&quot;,&quot;installed&quot;:&quot;installed&quot;,&quot;update&quot;:&quot;update&quot;})[status] %&gt; &quot;&gt;&lt;/span&gt;"  - Unexpected ":", expected one of: "}" , " "
[18-Dec-2012 14:00:48] Smarty Error: Syntax Error in template "/data/htdocs/newext.chrome.360.cn//view/template_dir/extensions/home.html"  on line 1006 "&lt;a class=&quot;ext-logo&quot;&gt;&lt;span class=&quot;&lt;%= ({&quot;install&quot;:&quot;install&quot;,&quot;installed&quot;:&quot;installed&quot;,&quot;update&quot;:&quot;update&quot;})[status] %&gt; &quot;&gt;&lt;/span&gt;"  - Unexpected ":", expected one of: "}" , " "
